● prom_node_exporter.service
     Loaded: bad-setting (Reason: Unit prom_node_exporter.service has a bad unit file setting.)
     Active: active (running) since Sun 2021-07-25 13:51:54 UTC; 46min ago
   Main PID: 806 (node_exporter)
      Tasks: 7 (limit: 2248)
     Memory: 15.9M
     CGroup: /system.slice/prom_node_exporter.service
             └─806 /usr/local/bin/node_exporter

Jul 25 14:36:08 servidor systemd[1]: /etc/systemd/system/prom_node_exporter.service:17: Unknown key name 'After' in section 'Install', ignoring.
Jul 25 14:36:08 servidor systemd[1]: 
prom_node_exporter.service: Service has more than one ExecStart= setting, which is only allowed for
 Type=oneshot services. Refusing.
Jul 25 14:36:08 servidor systemd[1]: /etc/systemd/system/prom_node_exporter.service:1: Assignment outside of section. Ignoring.
Jul 25 14:36:08 servidor systemd[1]: /etc/systemd/system/prom_node_exporter.service:2: Assignment outside of section. Ignoring.
Jul 25 14:36:08 servidor systemd[1]: /etc/systemd/system/prom_node_exporter.service:3: Assignment outside of section. Ignoring.
Jul 25 14:36:08 servidor systemd[1]: /etc/systemd/system/prom_node_exporter.service:4: Assignment outside of section. Ignoring.
Jul 25 14:36:08 servidor systemd[1]: /etc/systemd/system/prom_node_exporter.service:14: Missing '=', ignoring line.
Jul 25 14:36:08 servidor systemd[1]: /etc/systemd/system/prom_node_exporter.service:15: Unknown key name 'Description' in section 'Install', ignoring.
Jul 25 14:36:08 servidor systemd[1]: /etc/systemd/system/prom_node_exporter.service:16: Unknown key name 'Wants' in section 'Install', ignoring.
Jul 25 14:36:08 servidor systemd[1]: /etc/systemd/system/prom_node_exporter.service:17: Unknown key name 'After' in section 'Install', ignoring.
